Warnings from file: benchmarks/pci_bridge32_a_md1/tech.lef

WARNING (LEFPARS-2007): NAMESCASESENSITIVE statement is obsolete in version 5.6 and later.
The LEF parser will ignore this statement.
To avoid this warning in the future, remove this statement from the LEF file with version 5.6 or later. See file benchmarks/pci_bridge32_a_md1/tech.lef at line 4
WARNING (LEFPARS-2019): TOPOFSTACKONLY statement is obsolete in version 5.6 and later.
The LEF parser will ignore this statement.
To avoid this warning in the future, remove this statement from the LEF file with version 5.6 or later See file benchmarks/pci_bridge32_a_md1/tech.lef at line 472
WARNING (LEFPARS-2019): TOPOFSTACKONLY statement is obsolete in version 5.6 and later.
The LEF parser will ignore this statement.
To avoid this warning in the future, remove this statement from the LEF file with version 5.6 or later See file benchmarks/pci_bridge32_a_md1/tech.lef at line 482
WARNING (LEFPARS-2019): TOPOFSTACKONLY statement is obsolete in version 5.6 and later.
The LEF parser will ignore this statement.
To avoid this warning in the future, remove this statement from the LEF file with version 5.6 or later See file benchmarks/pci_bridge32_a_md1/tech.lef at line 638
WARNING (LEFPARS-2019): TOPOFSTACKONLY statement is obsolete in version 5.6 and later.
The LEF parser will ignore this statement.
To avoid this warning in the future, remove this statement from the LEF file with version 5.6 or later See file benchmarks/pci_bridge32_a_md1/tech.lef at line 648
WARNING (LEFPARS-2019): TOPOFSTACKONLY statement is obsolete in version 5.6 and later.
The LEF parser will ignore this statement.
To avoid this warning in the future, remove this statement from the LEF file with version 5.6 or later See file benchmarks/pci_bridge32_a_md1/tech.lef at line 804
WARNING (LEFPARS-2019): TOPOFSTACKONLY statement is obsolete in version 5.6 and later.
The LEF parser will ignore this statement.
To avoid this warning in the future, remove this statement from the LEF file with version 5.6 or later See file benchmarks/pci_bridge32_a_md1/tech.lef at line 814
